<?xml version="1.0" encoding="UTF-8"?>
<!-- Generated by org.testng.reporters.JUnitReportReporter -->
<testsuite hostname="idc229" failures="0" tests="1" name="tests.TestTwo" time="0.001" errors="0" timestamp="2024-09-02T15:40:27 IST" skipped="0">
  <testcase classname="tests.TestTwo" name="testTwo" time="0.001"/>
</testsuite> <!-- tests.TestTwo -->
