<?xml version="1.0" encoding="UTF-8"?>
<!-- Generated by org.testng.reporters.JUnitReportReporter -->
<testsuite hostname="idc229" failures="0" tests="2" name="tests.Login" time="25.941" errors="0" timestamp="2024-09-02T15:40:27 IST" skipped="0">
  <testcase classname="tests.Login" name="login" time="6.908"/>
  <testcase classname="tests.Login" name="login" time="19.033"/>
</testsuite> <!-- tests.Login -->
