<?xml version="1.0" encoding="UTF-8"?>
<!-- Generated by org.testng.reporters.JUnitReportReporter -->
<testsuite hostname="idc229" failures="0" tests="1" name="tests.TestDummy" time="0.018" errors="0" timestamp="2024-09-02T15:40:27 IST" skipped="0">
  <testcase classname="tests.TestDummy" name="testDummy" time="0.018"/>
</testsuite> <!-- tests.TestDummy -->
